<?xml version="1.0" encoding="UTF-8"?>
<!-- Generated by org.testng.reporters.JUnitReportReporter -->
<testsuite hostname="LAPTOP-I1PU30SC" failures="0" tests="1" name="loanapplications.PersonalLoanApplicationTests" time="0.007" errors="0" timestamp="2022-09-27T23:09:08 IST" skipped="0">
  <testcase classname="loanapplications.PersonalLoanApplicationTests" name="PersonalLoanLoginWeb" time="0.007"/>
  <system-out/>
</testsuite> <!-- loanapplications.PersonalLoanApplicationTests -->
