<?xml version="1.0" encoding="UTF-8"?>
<!-- Generated by org.testng.reporters.JUnitReportReporter -->
<testsuite hostname="LAPTOP-I1PU30SC" failures="0" tests="3" name="loanapplications.HomeLoanApplicationTest" time="0.002" errors="0" timestamp="2022-09-27T22:53:59 IST" skipped="0">
  <testcase classname="loanapplications.HomeLoanApplicationTest" name="HomeLoanLoginWeb" time="0.001"/>
  <system-out/>
  <testcase classname="loanapplications.HomeLoanApplicationTest" name="HomeLoanLoginMobile" time="0.001"/>
  <system-out/>
  <testcase classname="loanapplications.HomeLoanApplicationTest" name="HomeLoanLoginAPi" time="0.000"/>
  <system-out/>
</testsuite> <!-- loanapplications.HomeLoanApplicationTest -->
