<?xml version="1.0" encoding="UTF-8"?>
<!-- Generated by org.testng.reporters.JUnitReportReporter -->
<testsuite hostname="LAPTOP-I1PU30SC" failures="0" tests="1" name="testpkg.sample1" time="0.005" errors="0" timestamp="2022-09-27T23:05:30 IST" skipped="0">
  <testcase classname="testpkg.sample1" name="demo" time="0.005"/>
  <system-out/>
</testsuite> <!-- testpkg.sample1 -->
