<?xml version="1.0" encoding="UTF-8"?>
<!-- Generated by org.testng.reporters.JUnitReportReporter -->
<testsuite hostname="LAPTOP-I1PU30SC" failures="0" tests="1" name="loanapplications.CarLoanApplicationTests" time="0.001" errors="0" timestamp="2022-09-27T23:09:08 IST" skipped="0">
  <testcase classname="loanapplications.CarLoanApplicationTests" name="CarLoanLoginMobile" time="0.001"/>
  <system-out/>
</testsuite> <!-- loanapplications.CarLoanApplicationTests -->
