<?xml version="1.0" encoding="UTF-8"?>
<!-- Generated by org.testng.reporters.JUnitReportReporter -->
<testsuite hostname="LAPTOP-I1PU30SC" failures="0" tests="2" name="testingFlipkart.FlipkartTestNG" time="32.211" errors="0" timestamp="2022-10-11T15:18:51 IST" skipped="0">
  <testcase classname="testingFlipkart.FlipkartTestNG" name="LaunchChrome" time="2.014"/>
  <system-out/>
  <testcase classname="testingFlipkart.FlipkartTestNG" name="f" time="30.197"/>
  <system-out/>
</testsuite> <!-- testingFlipkart.FlipkartTestNG -->
